<?xml version="1.0" encoding="UTF-8"?>
<testsuite name="ru.qa.borisov.addressbook.tests.GroupCreationTests" tests="13" skipped="0" failures="0" errors="0" timestamp="2019-10-24T16:58:11" hostname="MAC-005" time="81.373">
  <properties/>
  <testcase name="testBadGroupCreation[0](GroupData{id='2147483647', name='test4''})" classname="ru.qa.borisov.addressbook.tests.GroupCreationTests" time="9.99"/>
  <testcase name="testBadGroupCreation[1](GroupData{id='2147483647', name='test5''})" classname="ru.qa.borisov.addressbook.tests.GroupCreationTests" time="5.524"/>
  <testcase name="testBadGroupCreation[2](GroupData{id='2147483647', name='test6''})" classname="ru.qa.borisov.addressbook.tests.GroupCreationTests" time="6.273"/>
  <testcase name="testGroupCreation[0](GroupData{id='2147483647', name='test 0'})" classname="ru.qa.borisov.addressbook.tests.GroupCreationTests" time="6.472"/>
  <testcase name="testGroupCreation[1](GroupData{id='2147483647', name='test 1'})" classname="ru.qa.borisov.addressbook.tests.GroupCreationTests" time="6.473"/>
  <testcase name="testGroupCreation[2](GroupData{id='2147483647', name='test 2'})" classname="ru.qa.borisov.addressbook.tests.GroupCreationTests" time="5.223"/>
  <testcase name="testGroupCreation[3](GroupData{id='2147483647', name='test 3'})" classname="ru.qa.borisov.addressbook.tests.GroupCreationTests" time="5.026"/>
  <testcase name="testGroupCreation[4](GroupData{id='2147483647', name='test 4'})" classname="ru.qa.borisov.addressbook.tests.GroupCreationTests" time="6.712"/>
  <testcase name="testGroupCreation[5](GroupData{id='2147483647', name='test 5'})" classname="ru.qa.borisov.addressbook.tests.GroupCreationTests" time="5.797"/>
  <testcase name="testGroupCreation[6](GroupData{id='2147483647', name='test 6'})" classname="ru.qa.borisov.addressbook.tests.GroupCreationTests" time="5.935"/>
  <testcase name="testGroupCreation[7](GroupData{id='2147483647', name='test 7'})" classname="ru.qa.borisov.addressbook.tests.GroupCreationTests" time="5.721"/>
  <testcase name="testGroupCreation[8](GroupData{id='2147483647', name='test 8'})" classname="ru.qa.borisov.addressbook.tests.GroupCreationTests" time="5.659"/>
  <testcase name="testGroupCreation[9](GroupData{id='2147483647', name='test 9'})" classname="ru.qa.borisov.addressbook.tests.GroupCreationTests" time="6.426"/>
  <system-out><![CDATA[]]></system-out>
  <system-err><![CDATA[]]></system-err>
</testsuite>
