<?xml version="1.0" encoding="UTF-8"?>
<testsuite name="ru.qa.borisov.addressbook.tests.GroupDeletionTests" tests="1" skipped="0" failures="0" errors="0" timestamp="2019-10-24T16:59:38" hostname="MAC-005" time="4.107">
  <properties/>
  <testcase name="testGroupDeletion" classname="ru.qa.borisov.addressbook.tests.GroupDeletionTests" time="4.107"/>
  <system-out><![CDATA[]]></system-out>
  <system-err><![CDATA[]]></system-err>
</testsuite>
