<?xml version="1.0" encoding="UTF-8"?>
<testsuite name="ru.qa.borisov.mantis.tests.ChangeUserPasswordTest" tests="1" skipped="0" failures="1" errors="0" timestamp="2019-11-11T05:13:57" hostname="MAC-005" time="26.219">
  <properties/>
  <testcase name="testChangeUserPassword" classname="ru.qa.borisov.mantis.tests.ChangeUserPasswordTest" time="26.219">
    <failure message="java.lang.Error: No mail :(" type="java.lang.Error">java.lang.Error: No mail :(
	at ru.qa.borisov.mantis.appmanager.MailHelper.waitForMail(MailHelper.java:47)
	at ru.qa.borisov.mantis.tests.ChangeUserPasswordTest.testChangeUserPassword(ChangeUserPasswordTest.java:34)
	at java.base/jdk.internal.reflect.NativeMethodAccessorImpl.invoke0(Native Method)
	at java.base/jdk.internal.reflect.NativeMethodAccessorImpl.invoke(NativeMethodAccessorImpl.java:62)
	at java.base/jdk.internal.reflect.DelegatingMethodAccessorImpl.invoke(DelegatingMethodAccessorImpl.java:43)
	at java.base/java.lang.reflect.Method.invoke(Method.java:567)
	at org.testng.internal.MethodInvocationHelper.invokeMethod(MethodInvocationHelper.java:124)
	at org.testng.internal.Invoker.invokeMethod(Invoker.java:583)
	at org.testng.internal.Invoker.invokeTestMethod(Invoker.java:719)
	at org.testng.internal.Invoker.invokeTestMethods(Invoker.java:989)
	at org.testng.internal.TestMethodWorker.invokeTestMethods(TestMethodWorker.java:125)
	at org.testng.internal.TestMethodWorker.run(TestMethodWorker.java:109)
	at org.testng.TestRunner.privateRun(TestRunner.java:648)
	at org.testng.TestRunner.run(TestRunner.java:505)
	at org.testng.SuiteRunner.runTest(SuiteRunner.java:455)
	at org.testng.SuiteRunner.runSequentially(SuiteRunner.java:450)
	at org.testng.SuiteRunner.privateRun(SuiteRunner.java:415)
	at org.testng.SuiteRunner.run(SuiteRunner.java:364)
	at org.testng.SuiteRunnerWorker.runSuite(SuiteRunnerWorker.java:52)
	at org.testng.SuiteRunnerWorker.run(SuiteRunnerWorker.java:84)
	at org.testng.TestNG.runSuitesSequentially(TestNG.java:1208)
	at org.testng.TestNG.runSuitesLocally(TestNG.java:1137)
	at org.testng.TestNG.runSuites(TestNG.java:1049)
	at org.testng.TestNG.run(TestNG.java:1017)
	at org.gradle.api.internal.tasks.testing.testng.TestNGTestClassProcessor.runTests(TestNGTestClassProcessor.java:141)
	at org.gradle.api.internal.tasks.testing.testng.TestNGTestClassProcessor.stop(TestNGTestClassProcessor.java:90)
	at org.gradle.api.internal.tasks.testing.SuiteTestClassProcessor.stop(SuiteTestClassProcessor.java:61)
	at java.base/jdk.internal.reflect.NativeMethodAccessorImpl.invoke0(Native Method)
	at java.base/jdk.internal.reflect.NativeMethodAccessorImpl.invoke(NativeMethodAccessorImpl.java:62)
	at java.base/jdk.internal.reflect.DelegatingMethodAccessorImpl.invoke(DelegatingMethodAccessorImpl.java:43)
	at java.base/java.lang.reflect.Method.invoke(Method.java:567)
	at org.gradle.internal.dispatch.ReflectionDispatch.dispatch(ReflectionDispatch.java:35)
	at org.gradle.internal.dispatch.ReflectionDispatch.dispatch(ReflectionDispatch.java:24)
	at org.gradle.internal.dispatch.ContextClassLoaderDispatch.dispatch(ContextClassLoaderDispatch.java:32)
	at org.gradle.internal.dispatch.ProxyDispatchAdapter$DispatchingInvocationHandler.invoke(ProxyDispatchAdapter.java:93)
	at com.sun.proxy.$Proxy2.stop(Unknown Source)
	at org.gradle.api.internal.tasks.testing.worker.TestWorker.stop(TestWorker.java:132)
	at java.base/jdk.internal.reflect.NativeMethodAccessorImpl.invoke0(Native Method)
	at java.base/jdk.internal.reflect.NativeMethodAccessorImpl.invoke(NativeMethodAccessorImpl.java:62)
	at java.base/jdk.internal.reflect.DelegatingMethodAccessorImpl.invoke(DelegatingMethodAccessorImpl.java:43)
	at java.base/java.lang.reflect.Method.invoke(Method.java:567)
	at org.gradle.internal.dispatch.ReflectionDispatch.dispatch(ReflectionDispatch.java:35)
	at org.gradle.internal.dispatch.ReflectionDispatch.dispatch(ReflectionDispatch.java:24)
	at org.gradle.internal.remote.internal.hub.MessageHubBackedObjectConnection$DispatchWrapper.dispatch(MessageHubBackedObjectConnection.java:175)
	at org.gradle.internal.remote.internal.hub.MessageHubBackedObjectConnection$DispatchWrapper.dispatch(MessageHubBackedObjectConnection.java:157)
	at org.gradle.internal.remote.internal.hub.MessageHub$Handler.run(MessageHub.java:404)
	at org.gradle.internal.concurrent.ExecutorPolicy$CatchAndRecordFailures.onExecute(ExecutorPolicy.java:63)
	at org.gradle.internal.concurrent.ManagedExecutorImpl$1.run(ManagedExecutorImpl.java:46)
	at java.base/java.util.concurrent.ThreadPoolExecutor.runWorker(ThreadPoolExecutor.java:1128)
	at java.base/java.util.concurrent.ThreadPoolExecutor$Worker.run(ThreadPoolExecutor.java:628)
	at org.gradle.internal.concurrent.ThreadFactoryImpl$ManagedThreadRunnable.run(ThreadFactoryImpl.java:55)
	at java.base/java.lang.Thread.run(Thread.java:835)
</failure>
  </testcase>
  <system-out><![CDATA[09:13:57.212 [Test worker] DEBUG o.s.smtp.server.CommandHandler - Added command: AUTH
09:13:57.216 [Test worker] DEBUG o.s.smtp.server.CommandHandler - Added command: DATA
09:13:57.216 [Test worker] DEBUG o.s.smtp.server.CommandHandler - Added command: EHLO
09:13:57.216 [Test worker] DEBUG o.s.smtp.server.CommandHandler - Added command: HELO
09:13:57.216 [Test worker] DEBUG o.s.smtp.server.CommandHandler - Added command: HELP
09:13:57.216 [Test worker] DEBUG o.s.smtp.server.CommandHandler - Added command: MAIL
09:13:57.216 [Test worker] DEBUG o.s.smtp.server.CommandHandler - Added command: NOOP
09:13:57.217 [Test worker] DEBUG o.s.smtp.server.CommandHandler - Added command: QUIT
09:13:57.217 [Test worker] DEBUG o.s.smtp.server.CommandHandler - Added command: RCPT
09:13:57.217 [Test worker] DEBUG o.s.smtp.server.CommandHandler - Added command: RSET
09:13:57.217 [Test worker] DEBUG o.s.smtp.server.CommandHandler - Added command: STARTTLS
09:13:57.217 [Test worker] DEBUG o.s.smtp.server.CommandHandler - Added command: VRFY
09:13:57.218 [Test worker] INFO  o.subethamail.smtp.server.SMTPServer - SMTP server *:25 starting
09:13:57.222 [org.subethamail.smtp.server.ServerThread *:25] INFO  o.s.smtp.server.ServerThread - SMTP server *:25 started
09:14:03.292 [org.subethamail.smtp.server.Session-/0:0:0:0:0:0:0:1:52413] DEBUG org.subethamail.smtp.server.Session - SMTP connection from 0:0:0:0:0:0:0:1/0:0:0:0:0:0:0:1, new connection count: 1
09:14:03.293 [org.subethamail.smtp.server.Session-/0:0:0:0:0:0:0:1:52413] DEBUG org.subethamail.smtp.server.Session - Server: 220 MAC-005 ESMTP SubEthaSMTP 3.1.7
09:14:03.297 [org.subethamail.smtp.server.Session-/0:0:0:0:0:0:0:1:52413] DEBUG org.subethamail.smtp.server.Session - Client: EHLO localhost
09:14:03.297 [org.subethamail.smtp.server.Session-/0:0:0:0:0:0:0:1:52413] DEBUG org.subethamail.smtp.server.Session - Server: 250-MAC-005
250-8BITMIME
250 Ok
09:14:03.298 [org.subethamail.smtp.server.Session-/0:0:0:0:0:0:0:1:52413] DEBUG org.subethamail.smtp.server.Session - Client: MAIL FROM:<admin@example.com>
09:14:03.303 [org.subethamail.smtp.server.Session-/0:0:0:0:0:0:0:1:52413] DEBUG org.subethamail.smtp.server.Session - Server: 250 Ok
09:14:03.304 [org.subethamail.smtp.server.Session-/0:0:0:0:0:0:0:1:52413] DEBUG org.subethamail.smtp.server.Session - Client: RCPT TO:<user1573449219241@localhost>
09:14:03.304 [org.subethamail.smtp.server.Session-/0:0:0:0:0:0:0:1:52413] DEBUG org.subethamail.wiser.Wiser - Accepting mail from admin@example.com to user1573449219241@localhost
09:14:03.304 [org.subethamail.smtp.server.Session-/0:0:0:0:0:0:0:1:52413] DEBUG org.subethamail.smtp.server.Session - Server: 250 Ok
09:14:03.305 [org.subethamail.smtp.server.Session-/0:0:0:0:0:0:0:1:52413] DEBUG org.subethamail.smtp.server.Session - Client: DATA
09:14:03.305 [org.subethamail.smtp.server.Session-/0:0:0:0:0:0:0:1:52413] DEBUG org.subethamail.smtp.server.Session - Server: 354 End data with <CR><LF>.<CR><LF>
09:14:03.318 [org.subethamail.smtp.server.Session-/0:0:0:0:0:0:0:1:52413] DEBUG org.subethamail.wiser.Wiser - Delivering mail from admin@example.com to user1573449219241@localhost
09:14:03.319 [org.subethamail.smtp.server.Session-/0:0:0:0:0:0:0:1:52413] DEBUG org.subethamail.wiser.Wiser - Creating message from data with 1162 bytes
09:14:03.320 [org.subethamail.smtp.server.Session-/0:0:0:0:0:0:0:1:52413] DEBUG org.subethamail.smtp.server.Session - Server: 250 Ok
09:14:03.321 [org.subethamail.smtp.server.Session-/0:0:0:0:0:0:0:1:52413] DEBUG org.subethamail.smtp.server.Session - Client: RSET
09:14:03.321 [org.subethamail.smtp.server.Session-/0:0:0:0:0:0:0:1:52413] DEBUG org.subethamail.smtp.server.Session - Server: 250 Ok
09:14:03.346 [org.subethamail.smtp.server.Session-/0:0:0:0:0:0:0:1:52413] DEBUG org.subethamail.smtp.server.Session - Client: QUIT
09:14:03.347 [org.subethamail.smtp.server.Session-/0:0:0:0:0:0:0:1:52413] DEBUG org.subethamail.smtp.server.Session - Server: 221 Bye
09:14:23.442 [Test worker] INFO  o.subethamail.smtp.server.SMTPServer - SMTP server *:25 stopping
09:14:23.443 [Test worker] DEBUG o.s.smtp.server.ServerThread - SMTP Server socket shut down
09:14:23.444 [org.subethamail.smtp.server.ServerThread *:25] INFO  o.s.smtp.server.ServerThread - SMTP server *:25 stopped
]]></system-out>
  <system-err><![CDATA[Starting ChromeDriver 2.42.591088 (7b2b2dca23cca0862f674758c9a3933e685c27d5) on port 25950
Only local connections are allowed.
нояб. 11, 2019 9:13:59 AM org.openqa.selenium.remote.ProtocolHandshake createSession
INFO: Detected dialect: OSS
]]></system-err>
</testsuite>
