<?xml version="1.0" encoding="UTF-8"?>
<testsuite name="ru.qa.borisov.mantis.tests.LoginTests" tests="1" skipped="0" failures="0" errors="0" timestamp="2019-11-07T10:11:07" hostname="MAC-005" time="0.727">
  <properties/>
  <testcase name="testLogin" classname="ru.qa.borisov.mantis.tests.LoginTests" time="0.727"/>
  <system-out><![CDATA[]]></system-out>
  <system-err><![CDATA[]]></system-err>
</testsuite>
