<?xml version="1.0" encoding="UTF-8"?>
<testsuite name="ru.qa.borisov.rest.PrimeTests" tests="1" skipped="1" failures="0" errors="0" timestamp="2019-11-14T07:41:31" hostname="MAC-005" time="1.824">
  <properties/>
  <testcase name="testPrime" classname="ru.qa.borisov.rest.PrimeTests" time="1.824">
    <skipped/>
  </testcase>
  <system-out><![CDATA[Task status = Deleted
]]></system-out>
  <system-err><![CDATA[]]></system-err>
</testsuite>
