<?xml version="1.0" encoding="UTF-8"?>
<testsuite name="ru.qa.borisov.addressbook.tests.GroupModificationTests" tests="1" skipped="0" failures="0" errors="0" timestamp="2019-10-24T11:42:45" hostname="MAC-005" time="4.009">
  <properties/>
  <testcase name="testGroupModification" classname="ru.qa.borisov.addressbook.tests.GroupModificationTests" time="4.009"/>
  <system-out><![CDATA[]]></system-out>
  <system-err><![CDATA[]]></system-err>
</testsuite>
