<?xml version="1.0" encoding="UTF-8"?>
<testsuite name="ru.qa.borisov.addressbook.tests.ContactCreationTest" tests="5" skipped="0" failures="0" errors="0" timestamp="2019-10-24T11:42:53" hostname="MAC-005" time="87.479">
  <properties/>
  <testcase name="testContactCreation[0](ContactData{id='2147483647', firstname='Firstname 0', lastname='Lastname 0'})" classname="ru.qa.borisov.addressbook.tests.ContactCreationTest" time="23.866"/>
  <testcase name="testContactCreation[1](ContactData{id='2147483647', firstname='Firstname 1', lastname='Lastname 1'})" classname="ru.qa.borisov.addressbook.tests.ContactCreationTest" time="15.652"/>
  <testcase name="testContactCreation[2](ContactData{id='2147483647', firstname='Firstname 2', lastname='Lastname 2'})" classname="ru.qa.borisov.addressbook.tests.ContactCreationTest" time="15.872"/>
  <testcase name="testContactCreation[3](ContactData{id='2147483647', firstname='Firstname 3', lastname='Lastname 3'})" classname="ru.qa.borisov.addressbook.tests.ContactCreationTest" time="15.965"/>
  <testcase name="testContactCreation[4](ContactData{id='2147483647', firstname='Firstname 4', lastname='Lastname 4'})" classname="ru.qa.borisov.addressbook.tests.ContactCreationTest" time="16.122"/>
  <system-out><![CDATA[]]></system-out>
  <system-err><![CDATA[]]></system-err>
</testsuite>
