<?xml version="1.0" encoding="UTF-8"?>
<testsuite name="ru.qa.borisov.addressbook.tests.ContactDeletionTest" tests="1" skipped="0" failures="0" errors="0" timestamp="2019-10-24T11:44:20" hostname="MAC-005" time="7.069">
  <properties/>
  <testcase name="testContactDeletion" classname="ru.qa.borisov.addressbook.tests.ContactDeletionTest" time="7.069"/>
  <system-out><![CDATA[]]></system-out>
  <system-err><![CDATA[]]></system-err>
</testsuite>
