<?xml version="1.0" encoding="UTF-8"?>
<testsuite name="ru.qa.borisov.github.GithubTests" tests="1" skipped="0" failures="0" errors="0" timestamp="2019-11-12T17:28:58" hostname="MAC-005" time="47.879">
  <properties/>
  <testcase name="testCommits" classname="ru.qa.borisov.github.GithubTests" time="47.879"/>
  <system-out><![CDATA[Реализована интеграция тестов с баг-трекером Bugify
RestAssured
fix 4/ задание 16
REST: взаимодействие с Bugify
Реализована интеграция тестов с баг-трекером MantisBT
SOAP
Смена пароля у неАдминистратора
Тест для смены пароля в MantisBT
fix3/ задание 16
fix2/ Задание 16
fix/ Задание 16
Получение почты на внешний почтовый сервер
Передача файлов на удалённую машину по протоколу FTP
testLogin
Добавлен новый проект Mantis
Реализованы тесты для добавления контакта в группу и удаления контакта из группы
Связи между объектами. В тесты контактов добавлено предусловия с созданием группы.
Добавлены отключаемые проверки UI в тестах
Во всех тестах групп и контактов реализованы проверки списков, загружаемых из базы данных
Тест создания группы. Тест удаления группы. Сравнение данных, загруженных из БД
тест модификации групп. Сравнение данных, загруженных из БД
Получение списка контактов из базы с помощью ORM с условием отбора данных
Получение списка групп из базы с помощью ORM
Получение списка групп из БД
Добавлено логирования запуска тестов
Вынесено описание тестового стенда в конфигурационный файл
Конфигурационные файлы для описания тестовых наборов
Автоматическое закрытие файлов после использования
contacts.json и groups.json добавлены в список игнорируемых
Тест создания контактов читает данные из файла через провайдера тестовых данных
Папка /resources перемещена в /src/test/
Реализован генератор тестовых данных для групп в формате JSON
Генерация JSON и загрузка тестовых данных из него в тест создания групп
Генерация XML и загрузка тестовых данных из него
Загрузка тестовых данных из файла
Параметризация тестовых методов (invalid Groups)
Параметризация тестовых методов (invalid Groups)
Параметризация тестовых методов
add jCommander library
Добавлен генератор групп
Пути к файлам и директориям
Ускорение выполнения тестов
Реализован общий тест для проверки телефонов, почтового адреса и адресов электронной почты на главной странице приложения
Тест проверки адреса
Тест проверки email'ов
В тесты контактов добавлены все email
Тест проверки телефонов методом обратной проверки
тесты групп. Кеширование результатов проверок и хеширование
В тестах контактов реализованы проверки во fluent-стиле с использованием hamcrest
В тестах групп реализованы проверки с помощью hamcrest
Тест контактов. Выбор рандомного контакта
Тесты групп. Выбор рандомной группы
Тесты переписаны по шаблону "Builder"
Поиск локатора относительно текущего элемента (Тесты контактов_Исправление)
Упростил наименования методов
Реструктуризация тестов групп
Запуск группы тестов в одном экземпляре браузера
В тестах реализована проверка путём сравнения списков.  В тестах для создания и модификации перед сравнением списки упорядочиваются.
Сортировка списков в тестах Создания и Модификации групп
Анонимные функции
Поиск максимального элемента в коллекции
Сравнение коллекций
Выбор элемента списка
Подсчет элементов (групп) до и после теста
Коллекции. Списки и массивы
Циклы
Предусловия для тестирования Контактов
Предусловия для тестирования Групп
Пропускаем переход на страницу, если уже находимся на этой странице
Перехват исключений
Пропуск не изменяющихся значений
Заполнение полей дефолтными значениями
Оператор "==" заменен на метод "equals"
Добавлена возможность запуска тестов в разных браузерах
Свёртка вложенных проверок
Тест с условиями
Добавлен тест удаления существующего контакта
Добавлен тест изменения существующего контакта
Добавлен тест изменения существующей группы
Для теста создания контактов создан класс-помощник. Из теста вынесены вспомогательные методы. Реализована двухуровневая архитектура тестового набора.
Создан общий базовый класс для классов-помощников
Методы вынесены в отдельные классы-помощники
Разлогин перенесен в AfterMethod
Перенесены вспомогательные методы из TestBase в ApplicationManager. Классы перенесены в соответствующие им пакеты
Добавлен тест удаления группы. Общие методы для тестов групп вынесены в общий класс.
Добавлен тест создания нового контакта
Рефакторинг теста создания группы
Логин выненсен в фикстуру Before
Addressbook Add. First Test (New group add)
Написаны тесты на результат измерения расстояния между точками
test Square area
Доработан вызов метода
вычисление расстояния между двумя точками на плоскости (функция заменена методом)
вычисление расстояния между двумя точками на плоскости (функции)
Функции перенесены в классы
Добавлено несколько фукций
Удалено вычисление площади квадрата
Добавлено вычисление площади квадрата
Изменены отступы
Переместил класс в пакет
Создан проект для IDEA
Добавлен запускатель для Gradle
В проект добавлена песочница
Initial commit
]]></system-out>
  <system-err><![CDATA[SLF4J: Failed to load class "org.slf4j.impl.StaticLoggerBinder".
SLF4J: Defaulting to no-operation (NOP) logger implementation
SLF4J: See http://www.slf4j.org/codes.html#StaticLoggerBinder for further details.
]]></system-err>
</testsuite>
